                      (periph\promdisk.t):00001          nam promdisk
                      (periph\promdisk.t):00002          ttl Device Driver for the MB2K2 PROMdisk
                      (periph\promdisk.t):00003         
                      (periph\promdisk.t):00004          use defsfile
     0001             (         defsfile):00001         LEVEL equ 1 select level one
                      (         defsfile):00002         *
                      (         defsfile):00003          
                      (periph\promdisk.t):00005         
     0001             (periph\promdisk.t):00006         Edition  equ 1 Current Edition
     0001             (periph\promdisk.t):00007         Revision equ 1 Current Revision number
                      (periph\promdisk.t):00008         
     0001             (periph\promdisk.t):00009         NumDrvs  set 1 Number of drives
                      (periph\promdisk.t):00010         
                      (periph\promdisk.t):00011         
                      (periph\promdisk.t):00012          org Drvbeg
000F                  (periph\promdisk.t):00013          rmb NumDrvs*DrvMem
0035                  (periph\promdisk.t):00014         LSNZERO  rmb 1
     0036             (periph\promdisk.t):00015         PROMSTA equ .
                      (periph\promdisk.t):00016         
0000 87CD00CA000EE181 (periph\promdisk.t):00017          mod PROMEND,PROMNAM,Drivr+Objct,Reent+Revision,PROMENT,PROMSTA
     1100170036
000D FF               (periph\promdisk.t):00018          fcb $FF set all capabilities
000E 70726F6D646973EB (periph\promdisk.t):00019         PROMNAM fcs /promdisk/
0016 01               (periph\promdisk.t):00020          fcb Edition
                      (periph\promdisk.t):00021         
0017 16000F           (periph\promdisk.t):00022         PROMENT lbra INIT
001A 160025           (periph\promdisk.t):00023          lbra READ
001D 160048           (periph\promdisk.t):00024          lbra WRITE
0020 160095           (periph\promdisk.t):00025          lbra GETSTA
0023 160096           (periph\promdisk.t):00026          lbra PUTSTA
0026 16009D           (periph\promdisk.t):00027          lbra TERM
                      (periph\promdisk.t):00028         
                      (periph\promdisk.t):00029         *****************************
                      (periph\promdisk.t):00030         * INIT
                      (periph\promdisk.t):00031         *  Set up the promdisk
                      (periph\promdisk.t):00032         *
0029 6F45             (periph\promdisk.t):00033         INIT clr V.WAKE,U
002B 8601             (periph\promdisk.t):00034          lda #1
002D A746             (periph\promdisk.t):00035          sta V.NDRV,U
002F 6FC835           (periph\promdisk.t):00036          clr LSNZERO,U
0032 86FF             (periph\promdisk.t):00037          lda #$FF
0034 304F             (periph\promdisk.t):00038          leax DrvBeg,U
0036 A784             (periph\promdisk.t):00039          sta DD.Tot,X
0038 A78815           (periph\promdisk.t):00040          sta V.Trak,X
                      (periph\promdisk.t):00041         * set up mode register (TRK:SEC = LSN)
003B C601             (periph\promdisk.t):00042          ldb #1
003D F7FF34           (periph\promdisk.t):00043          stb PMODREG
0040 5F               (periph\promdisk.t):00044          clrb
0041 39               (periph\promdisk.t):00045         INITXIT rts
                      (periph\promdisk.t):00046         
                      (periph\promdisk.t):00047         *****************************
                      (periph\promdisk.t):00048         * READ
                      (periph\promdisk.t):00049         *  read a sector from disk
                      (periph\promdisk.t):00050         *
0042 6FC835           (periph\promdisk.t):00051         READ clr LSNZERO,U
0045 8D29             (periph\promdisk.t):00052          bsr VALID
0047 251E             (periph\promdisk.t):00053          bcs READ99
0049 8D43             (periph\promdisk.t):00054          bsr READS
004B 6DC835           (periph\promdisk.t):00055          tst LSNZERO,U
004E 2716             (periph\promdisk.t):00056          beq READ90
0050 A6A821           (periph\promdisk.t):00057          lda PD.DRV,Y
0053 C626             (periph\promdisk.t):00058          ldb #DRVMEM
0055 3D               (periph\promdisk.t):00059          mul
0056 304F             (periph\promdisk.t):00060          leax DRVBEG,U
0058 308B             (periph\promdisk.t):00061          leax D,X
005A 10AE28           (periph\promdisk.t):00062          ldy PD.BUF,Y
005D C614             (periph\promdisk.t):00063          ldb #DD.SIZ-1
005F A6A5             (periph\promdisk.t):00064         COPLSN0 lda B,Y
0061 A785             (periph\promdisk.t):00065          sta B,X
0063 5A               (periph\promdisk.t):00066          decb
0064 2AF9             (periph\promdisk.t):00067          bpl COPLSN0
                      (periph\promdisk.t):00068         
0066 5F               (periph\promdisk.t):00069         READ90 clrb
0067 39               (periph\promdisk.t):00070         READ99 rts
                      (periph\promdisk.t):00071         
                      (periph\promdisk.t):00072         *****************************
                      (periph\promdisk.t):00073         * WRITE
                      (periph\promdisk.t):00074         *  Write a sector to disk
                      (periph\promdisk.t):00075         *
0068 8D06             (periph\promdisk.t):00076         WRITE bsr VALID
006A 2503             (periph\promdisk.t):00077          bcs WRIT99
006C 8D35             (periph\promdisk.t):00078          bsr WRITS
006E 5F               (periph\promdisk.t):00079          clrb
006F 39               (periph\promdisk.t):00080         WRIT99 rts
                      (periph\promdisk.t):00081         
                      (periph\promdisk.t):00082         
                      (periph\promdisk.t):00083         *****************************
                      (periph\promdisk.t):00084         * VALID
                      (periph\promdisk.t):00085         *  validate a sector
                      (periph\promdisk.t):00086         *  and set up external registers
                      (periph\promdisk.t):00087         *
0070 5D               (periph\promdisk.t):00088         VALID           tstb                            can't have LSN > 65535 as TRK:SEC will roll over
0071 2617             (periph\promdisk.t):00089                                 bne     SECTERR
0073 8C4000           (periph\promdisk.t):00090                                 cmpx    #16384          max size is 4MB
0076 2C12             (periph\promdisk.t):00091                                 bge     SECTERR
0078 8C0000           (periph\promdisk.t):00092                                 cmpx    #$0000          LSN 0?
007B 2603             (periph\promdisk.t):00093                                 bne     NOTLSN0
007D 6CC835           (periph\promdisk.t):00094                                 inc     LSNZERO,U
0080 1F10             (periph\promdisk.t):00095         NOTLSN0         tfr     x,d
0082 B7FF31           (periph\promdisk.t):00096                                 sta     PTRKREG
0085 F7FF32           (periph\promdisk.t):00097                                 stb     PSECREG
0088 5F               (periph\promdisk.t):00098                                 clrb                            no error
0089 39               (periph\promdisk.t):00099                                 rts
008A 53               (periph\promdisk.t):00100         SECTERR         comb
008B C6F1             (periph\promdisk.t):00101                                 ldb     #241 sector error
008D 39               (periph\promdisk.t):00102                                 rts
                      (periph\promdisk.t):00103         *
                      (periph\promdisk.t):00104         ************************
                      (periph\promdisk.t):00105         * READS
                      (periph\promdisk.t):00106         *  Y=Path Discr.
                      (periph\promdisk.t):00107         *
008E 3436             (periph\promdisk.t):00108         READS           pshs    X,Y,D
0090 10AE28           (periph\promdisk.t):00109                                 ldy     PD.BUF,Y
0093 8684             (periph\promdisk.t):00110                                 lda     #$84            PROMdisk read command
0095 B7FF30           (periph\promdisk.t):00111                                 sta             PCOMREG
0098 5F               (periph\promdisk.t):00112                                 clrb
0099 B6FF33           (periph\promdisk.t):00113         READS10         lda     PDATREG
009C A7A0             (periph\promdisk.t):00114                                 sta     ,y+
009E 5A               (periph\promdisk.t):00115                                 decb
009F 26F8             (periph\promdisk.t):00116                                 bne     READS10
00A1 35B6             (periph\promdisk.t):00117                     puls    X,Y,D,PC
                      (periph\promdisk.t):00118         
                      (periph\promdisk.t):00119         ************************
                      (periph\promdisk.t):00120         * WRITS
                      (periph\promdisk.t):00121         *  Y=Path Discr.
                      (periph\promdisk.t):00122         *
00A3 3436             (periph\promdisk.t):00123         WRITS           pshs    X,Y,D
00A5 10AE28           (periph\promdisk.t):00124                                 ldy     PD.BUF,Y
00A8 5F               (periph\promdisk.t):00125                                 clrb
00A9 A6A0             (periph\promdisk.t):00126         WRITS10         lda     ,y+
00AB B7FF33           (periph\promdisk.t):00127                                 sta     PDATREG
00AE 5A               (periph\promdisk.t):00128                                 decb
00AF 26F8             (periph\promdisk.t):00129                                 bne     WRITS10
00B1 86A4             (periph\promdisk.t):00130                                 lda     #$A4            PROMdisk write command
00B3 B7FF30           (periph\promdisk.t):00131                                 sta             PCOMREG
00B6 35B6             (periph\promdisk.t):00132                                 puls    X,Y,D,PC
                      (periph\promdisk.t):00133         
                      (periph\promdisk.t):00134         
                      (periph\promdisk.t):00135         
                      (periph\promdisk.t):00136         **************************
                      (periph\promdisk.t):00137         * GETSTA
                      (periph\promdisk.t):00138         *  get device status
                      (periph\promdisk.t):00139         *
     00B8             (periph\promdisk.t):00140         GETSTA equ *
                      (periph\promdisk.t):00141         
00B8 53               (periph\promdisk.t):00142         Unknown comb
00B9 C6D0             (periph\promdisk.t):00143          ldb #E$UnkSVC
00BB 39               (periph\promdisk.t):00144          rts
                      (periph\promdisk.t):00145         
                      (periph\promdisk.t):00146         **************************
                      (periph\promdisk.t):00147         * PUTSTA
                      (periph\promdisk.t):00148         *  Set device Status
                      (periph\promdisk.t):00149         *
00BC C103             (periph\promdisk.t):00150         PUTSTA cmpb #SS.Reset
00BE 2704             (periph\promdisk.t):00151          beq PUTSTA90
00C0 C104             (periph\promdisk.t):00152          cmpb #SS.WTrk
00C2 26F4             (periph\promdisk.t):00153          bne Unknown
                      (periph\promdisk.t):00154         
00C4 5F               (periph\promdisk.t):00155         PUTSTA90 clrb
00C5 39               (periph\promdisk.t):00156          rts
                      (periph\promdisk.t):00157         
                      (periph\promdisk.t):00158         *****************************
                      (periph\promdisk.t):00159         * TERM
                      (periph\promdisk.t):00160         *  terminate Driver
                      (periph\promdisk.t):00161         *
00C6 39               (periph\promdisk.t):00162         TERM rts
                      (periph\promdisk.t):00163         
00C7 FF3BAE           (periph\promdisk.t):00164          emod
     00CA             (periph\promdisk.t):00165         PROMEND equ *
                      (periph\promdisk.t):00166         
                      (periph\promdisk.t):00167         ******************************************
                      (periph\promdisk.t):00168         * PROMdisk Discriptor module
                      (periph\promdisk.t):00169         *
                      (periph\promdisk.t):00170         
                      (periph\promdisk.t):00171          nam D0
                      (periph\promdisk.t):00172          ttl Drive Descriptor module
                      (periph\promdisk.t):00173         
0000 87CD00310021F181 (periph\promdisk.t):00174          mod DEnd,DNam,DEVIC+OBJCT,REENT+1,DMgr,DDrv
     D500230026
                      (periph\promdisk.t):00175         
000D FF               (periph\promdisk.t):00176          fcb $FF mode byte (DIR.+SHARE.+PREAD.+PWRIT.+UPDAT.+EXEC.+PEXEC.)
000E FF               (periph\promdisk.t):00177          fcb $FF IOBlock address bits 23:16 (unused)
000F 0000             (periph\promdisk.t):00178          fdb $0 hardware address
0011 0F               (periph\promdisk.t):00179          fcb DNam-*-1 option byte count
0012 01               (periph\promdisk.t):00180          fcb $1 Rbf device
0013 00               (periph\promdisk.t):00181          fcb 0 Drive number
0014 03               (periph\promdisk.t):00182          fcb 03 6ms Step rate
0015 80               (periph\promdisk.t):00183          fcb $80 Standard OS9 Winchester drive
0016 00               (periph\promdisk.t):00184          fcb 0 Single density
0017 00C0             (periph\promdisk.t):00185          fdb 192 number of tracks
0019 01               (periph\promdisk.t):00186          fcb 1 number of sides
001A 01               (periph\promdisk.t):00187          fcb 1 don't verify any writes
001B 001E             (periph\promdisk.t):00188          fdb 30 sectors per track
001D 001E             (periph\promdisk.t):00189          fdb 30 sectors on track 0, side 0
001F 01               (periph\promdisk.t):00190          fcb 1 sector interleave factor
0020 01               (periph\promdisk.t):00191          fcb 1 sector allocation size
0021 44B0             (periph\promdisk.t):00192         DNam fcs "D0"
0023 5242C6           (periph\promdisk.t):00193         DMgr fcs "RBF"
0026 70726F6D646973EB (periph\promdisk.t):00194         DDrv fcs "promdisk"
002E AE02A3           (periph\promdisk.t):00195          emod
     0031             (periph\promdisk.t):00196         DEnd equ *
                      (periph\promdisk.t):00197         *
                      (periph\promdisk.t):00198         ******************************************
                      (periph\promdisk.t):00199         * Default drive (/DD) descriptor module
                      (periph\promdisk.t):00200         *
                      (periph\promdisk.t):00201         
                      (periph\promdisk.t):00202          nam DD
                      (periph\promdisk.t):00203          ttl Drive Descriptor module
                      (periph\promdisk.t):00204         
0000 87CD00310021F181 (periph\promdisk.t):00205          mod DDEnd,DDNam,DEVIC+OBJCT,REENT+1,DDMgr,DDDrv
     D500230026
                      (periph\promdisk.t):00206         
000D FF               (periph\promdisk.t):00207          fcb $FF mode byte (DIR.+SHARE.+PREAD.+PWRIT.+UPDAT.+EXEC.+PEXEC.)
000E FF               (periph\promdisk.t):00208          fcb $FF IOBlock address bits 23:16 (unused)
000F 0000             (periph\promdisk.t):00209          fdb $0 hardware address
0011 0F               (periph\promdisk.t):00210          fcb DDNam-*-1 option byte count
0012 01               (periph\promdisk.t):00211          fcb $1 Rbf device
0013 00               (periph\promdisk.t):00212          fcb 0 Drive number
0014 03               (periph\promdisk.t):00213          fcb 03 6ms Step rate
0015 80               (periph\promdisk.t):00214          fcb $80 Standard OS9 Winchester drive
0016 00               (periph\promdisk.t):00215          fcb 0 Single density
0017 00C0             (periph\promdisk.t):00216          fdb 192 number of tracks
0019 01               (periph\promdisk.t):00217          fcb 1 number of sides
001A 01               (periph\promdisk.t):00218          fcb 1 don't verify any writes
001B 001E             (periph\promdisk.t):00219          fdb 30 sectors per track
001D 001E             (periph\promdisk.t):00220          fdb 30 sectors on track 0, side 0
001F 01               (periph\promdisk.t):00221          fcb 1 sector interleave factor
0020 01               (periph\promdisk.t):00222          fcb 1 sector allocation size
0021 44C4             (periph\promdisk.t):00223         DDNam fcs "DD"
0023 5242C6           (periph\promdisk.t):00224         DDMgr fcs "RBF"
0026 70726F6D646973EB (periph\promdisk.t):00225         DDDrv fcs "promdisk"
002E 860436           (periph\promdisk.t):00226          emod
     0031             (periph\promdisk.t):00227         DDEnd equ *
                      (periph\promdisk.t):00228          end
